# JRE version: OpenJDK Runtime Environment (8.0_152-b02) (build 1.8.0_152-release-1024-b02)
# Java VM: OpenJDK 64-Bit Server VM (25.152-b02 mixed mode windows-amd64 compressed oops)
Heap:
 PSYoungGen      total 340992K, used 255598K [0x00000000e0000000, 0x00000000fda00000, 0x0000000100000000)
  eden space 309248K, 74% used [0x00000000e0000000,0x00000000ee222220,0x00000000f2e00000)
  from space 31744K, 75% used [0x00000000f2e00000,0x00000000f4579620,0x00000000f4d00000)
  to   space 33792K, 0% used [0x00000000fb900000,0x00000000fb900000,0x00000000fda00000)
 ParOldGen       total 139776K, used 49066K [0x00000000a0000000, 0x00000000a8880000, 0x00000000e0000000)
  object space 139776K, 35% used [0x00000000a0000000,0x00000000a2fea830,0x00000000a8880000)
 Metaspace       used 69436K, capacity 72122K, committed 72408K, reserved 1112064K
  class space    used 9079K, capacity 9616K, committed 9728K, reserved 1048576K
GC Heap History (10 events):
Event: 206.050 GC heap before
{Heap before GC invocations=14 (full 3):
 PSYoungGen      total 235520K, used 215040K [0x00000000e0000000, 0x00000000efb80000, 0x0000000100000000)
  eden space 215040K, 100% used [0x00000000e0000000,0x00000000ed200000,0x00000000ed200000)
  from space 20480K, 0% used [0x00000000ee580000,0x00000000ee580000,0x00000000ef980000)
  to   space 19968K, 0% used [0x00000000ed200000,0x00000000ed200000,0x00000000ee580000)
 ParOldGen       total 139776K, used 33649K [0x00000000a0000000, 0x00000000a8880000, 0x00000000e0000000)
  object space 139776K, 24% used [0x00000000a0000000,0x00000000a20dc648,0x00000000a8880000)
 Metaspace       used 66935K, capacity 69286K, committed 69592K, reserved 1110016K
  class space    used 8866K, capacity 9374K, committed 9472K, reserved 1048576K
Event: 206.076 GC heap after
Heap after GC invocations=14 (full 3):
 PSYoungGen      total 235008K, used 19945K [0x00000000e0000000, 0x00000000f2700000, 0x0000000100000000)
  eden space 215040K, 0% used [0x00000000e0000000,0x00000000e0000000,0x00000000ed200000)
  from space 19968K, 99% used [0x00000000ed200000,0x00000000ee57a6b0,0x00000000ee580000)
  to   space 23040K, 0% used [0x00000000f1080000,0x00000000f1080000,0x00000000f2700000)
 ParOldGen       total 139776K, used 34770K [0x00000000a0000000, 0x00000000a8880000, 0x00000000e0000000)
  object space 139776K, 24% used [0x00000000a0000000,0x00000000a21f48d0,0x00000000a8880000)
 Metaspace       used 66935K, capacity 69286K, committed 69592K, reserved 1110016K
  class space    used 8866K, capacity 9374K, committed 9472K, reserved 1048576K
}
Event: 209.500 GC heap before
{Heap before GC invocations=15 (full 3):
 PSYoungGen      total 235008K, used 234985K [0x00000000e0000000, 0x00000000f2700000, 0x0000000100000000)
  eden space 215040K, 100% used [0x00000000e0000000,0x00000000ed200000,0x00000000ed200000)
  from space 19968K, 99% used [0x00000000ed200000,0x00000000ee57a6b0,0x00000000ee580000)
  to   space 23040K, 0% used [0x00000000f1080000,0x00000000f1080000,0x00000000f2700000)
 ParOldGen       total 139776K, used 34770K [0x00000000a0000000, 0x00000000a8880000, 0x00000000e0000000)
  object space 139776K, 24% used [0x00000000a0000000,0x00000000a21f48d0,0x00000000a8880000)
 Metaspace       used 68986K, capacity 71672K, committed 71896K, reserved 1112064K
  class space    used 9065K, capacity 9611K, committed 9728K, reserved 1048576K
Event: 209.527 GC heap after
Heap after GC invocations=15 (full 3):
 PSYoungGen      total 274944K, used 13703K [0x00000000e0000000, 0x00000000f2500000, 0x0000000100000000)
  eden space 253952K, 0% used [0x00000000e0000000,0x00000000e0000000,0x00000000ef800000)
  from space 20992K, 65% used [0x00000000f1080000,0x00000000f1de1dd0,0x00000000f2500000)
  to   space 23040K, 0% used [0x00000000ef800000,0x00000000ef800000,0x00000000f0e80000)
 ParOldGen       total 139776K, used 34778K [0x00000000a0000000, 0x00000000a8880000, 0x00000000e0000000)
  object space 139776K, 24% used [0x00000000a0000000,0x00000000a21f68d0,0x00000000a8880000)
 Metaspace       used 68986K, capacity 71672K, committed 71896K, reserved 1112064K
  class space    used 9065K, capacity 9611K, committed 9728K, reserved 1048576K
}
Event: 212.093 GC heap before
{Heap before GC invocations=16 (full 3):
 PSYoungGen      total 274944K, used 267655K [0x00000000e0000000, 0x00000000f2500000, 0x0000000100000000)
  eden space 253952K, 100% used [0x00000000e0000000,0x00000000ef800000,0x00000000ef800000)
  from space 20992K, 65% used [0x00000000f1080000,0x00000000f1de1dd0,0x00000000f2500000)
  to   space 23040K, 0% used [0x00000000ef800000,0x00000000ef800000,0x00000000f0e80000)
 ParOldGen       total 139776K, used 34778K [0x00000000a0000000, 0x00000000a8880000, 0x00000000e0000000)
  object space 139776K, 24% used [0x00000000a0000000,0x00000000a21f68d0,0x00000000a8880000)
 Metaspace       used 69245K, capacity 71966K, committed 72152K, reserved 1112064K
  class space    used 9071K, capacity 9616K, committed 9728K, reserved 1048576K
Event: 212.176 GC heap after
Heap after GC invocations=16 (full 3):
 PSYoungGen      total 276992K, used 22739K [0x00000000e0000000, 0x00000000f6680000, 0x0000000100000000)
  eden space 253952K, 0% used [0x00000000e0000000,0x00000000e0000000,0x00000000ef800000)
  from space 23040K, 98% used [0x00000000ef800000,0x00000000f0e34e50,0x00000000f0e80000)
  to   space 26112K, 0% used [0x00000000f4d00000,0x00000000f4d00000,0x00000000f6680000)
 ParOldGen       total 139776K, used 34778K [0x00000000a0000000, 0x00000000a8880000, 0x00000000e0000000)
  object space 139776K, 24% used [0x00000000a0000000,0x00000000a21f68d0,0x00000000a8880000)
 Metaspace       used 69245K, capacity 71966K, committed 72152K, reserved 1112064K
  class space    used 9071K, capacity 9616K, committed 9728K, reserved 1048576K
}
Event: 213.005 GC heap before
{Heap before GC invocations=17 (full 3):
 PSYoungGen      total 276992K, used 276691K [0x00000000e0000000, 0x00000000f6680000, 0x0000000100000000)
  eden space 253952K, 100% used [0x00000000e0000000,0x00000000ef800000,0x00000000ef800000)
  from space 23040K, 98% used [0x00000000ef800000,0x00000000f0e34e50,0x00000000f0e80000)
  to   space 26112K, 0% used [0x00000000f4d00000,0x00000000f4d00000,0x00000000f6680000)
 ParOldGen       total 139776K, used 34778K [0x00000000a0000000, 0x00000000a8880000, 0x00000000e0000000)
  object space 139776K, 24% used [0x00000000a0000000,0x00000000a21f68d0,0x00000000a8880000)
 Metaspace       used 69352K, capacity 72034K, committed 72152K, reserved 1112064K
  class space    used 9079K, capacity 9616K, committed 9728K, reserved 1048576K
Event: 213.058 GC heap after
Heap after GC invocations=17 (full 3):
 PSYoungGen      total 335360K, used 26080K [0x00000000e0000000, 0x00000000f8580000, 0x0000000100000000)
  eden space 309248K, 0% used [0x00000000e0000000,0x00000000e0000000,0x00000000f2e00000)
  from space 26112K, 99% used [0x00000000f4d00000,0x00000000f6678080,0x00000000f6680000)
  to   space 31744K, 0% used [0x00000000f2e00000,0x00000000f2e00000,0x00000000f4d00000)
 ParOldGen       total 139776K, used 40598K [0x00000000a0000000, 0x00000000a8880000, 0x00000000e0000000)
  object space 139776K, 29% used [0x00000000a0000000,0x00000000a27a5b98,0x00000000a8880000)
 Metaspace       used 69352K, capacity 72034K, committed 72152K, reserved 1112064K
  class space    used 9079K, capacity 9616K, committed 9728K, reserved 1048576K
}
Event: 213.941 GC heap before
{Heap before GC invocations=18 (full 3):
 PSYoungGen      total 335360K, used 335328K [0x00000000e0000000, 0x00000000f8580000, 0x0000000100000000)
  eden space 309248K, 100% used [0x00000000e0000000,0x00000000f2e00000,0x00000000f2e00000)
  from space 26112K, 99% used [0x00000000f4d00000,0x00000000f6678080,0x00000000f6680000)
  to   space 31744K, 0% used [0x00000000f2e00000,0x00000000f2e00000,0x00000000f4d00000)
 ParOldGen       total 139776K, used 40598K [0x00000000a0000000, 0x00000000a8880000, 0x00000000e0000000)
  object space 139776K, 29% used [0x00000000a0000000,0x00000000a27a5b98,0x00000000a8880000)
 Metaspace       used 69399K, capacity 72114K, committed 72408K, reserved 1112064K
  class space    used 9079K, capacity 9616K, committed 9728K, reserved 1048576K
Event: 213.989 GC heap after
Heap after GC invocations=18 (full 3):
 PSYoungGen      total 340992K, used 24037K [0x00000000e0000000, 0x00000000fda00000, 0x0000000100000000)
  eden space 309248K, 0% used [0x00000000e0000000,0x00000000e0000000,0x00000000f2e00000)
  from space 31744K, 75% used [0x00000000f2e00000,0x00000000f4579620,0x00000000f4d00000)
  to   space 33792K, 0% used [0x00000000fb900000,0x00000000fb900000,0x00000000fda00000)
 ParOldGen       total 139776K, used 49066K [0x00000000a0000000, 0x00000000a8880000, 0x00000000e0000000)
  object space 139776K, 35% used [0x00000000a0000000,0x00000000a2fea830,0x00000000a8880000)
 Metaspace       used 69399K, capacity 72114K, committed 72408K, reserved 1112064K
  class space    used 9079K, capacity 9616K, committed 9728K, reserved 1048576K
}

